0 info it worked if it ends with ok
1 verbose cli [ '/usr/bin/nodejs', '/usr/bin/npm', 'run', 'build' ]
2 info using npm@3.10.10
3 info using node@v6.10.0
4 verbose run-script [ 'prebuild', 'build', 'postbuild' ]
5 info lifecycle vue-custom-plugin@0.0.3~prebuild: vue-custom-plugin@0.0.3
6 silly lifecycle vue-custom-plugin@0.0.3~prebuild: no script for prebuild, continuing
7 info lifecycle vue-custom-plugin@0.0.3~build: vue-custom-plugin@0.0.3
8 verbose lifecycle vue-custom-plugin@0.0.3~build: unsafe-perm in lifecycle true
9 verbose lifecycle vue-custom-plugin@0.0.3~build: PATH: /usr/lib/node_modules/npm/bin/node-gyp-bin:/var/www/vue.js/plugin/node_modules/.bin:/usr/local/sbin:/usr/local/bin:/usr/sbin:/usr/bin:/sbin:/bin:/usr/games:/opt/vagrant_ruby/bin
10 verbose lifecycle vue-custom-plugin@0.0.3~build: CWD: /var/www/vue.js/plugin
11 silly lifecycle vue-custom-plugin@0.0.3~build: Args: [ '-c',
11 silly lifecycle   'browserify script.js -o build/main.js -t [ babelify --presets [ es2015 ] ]' ]
12 silly lifecycle vue-custom-plugin@0.0.3~build: Returned: code: 1  signal: null
13 info lifecycle vue-custom-plugin@0.0.3~build: Failed to exec build script
14 verbose stack Error: vue-custom-plugin@0.0.3 build: `browserify script.js -o build/main.js -t [ babelify --presets [ es2015 ] ]`
14 verbose stack Exit status 1
14 verbose stack     at EventEmitter.<anonymous> (/usr/lib/node_modules/npm/lib/utils/lifecycle.js:255:16)
14 verbose stack     at emitTwo (events.js:106:13)
14 verbose stack     at EventEmitter.emit (events.js:191:7)
14 verbose stack     at ChildProcess.<anonymous> (/usr/lib/node_modules/npm/lib/utils/spawn.js:40:14)
14 verbose stack     at emitTwo (events.js:106:13)
14 verbose stack     at ChildProcess.emit (events.js:191:7)
14 verbose stack     at maybeClose (internal/child_process.js:877:16)
14 verbose stack     at Process.ChildProcess._handle.onexit (internal/child_process.js:226:5)
15 verbose pkgid vue-custom-plugin@0.0.3
16 verbose cwd /var/www/vue.js/plugin
17 error Linux 3.2.0-23-generic
18 error argv "/usr/bin/nodejs" "/usr/bin/npm" "run" "build"
19 error node v6.10.0
20 error npm  v3.10.10
21 error code ELIFECYCLE
22 error vue-custom-plugin@0.0.3 build: `browserify script.js -o build/main.js -t [ babelify --presets [ es2015 ] ]`
22 error Exit status 1
23 error Failed at the vue-custom-plugin@0.0.3 build script 'browserify script.js -o build/main.js -t [ babelify --presets [ es2015 ] ]'.
23 error Make sure you have the latest version of node.js and npm installed.
23 error If you do, this is most likely a problem with the vue-custom-plugin package,
23 error not with npm itself.
23 error Tell the author that this fails on your system:
23 error     browserify script.js -o build/main.js -t [ babelify --presets [ es2015 ] ]
23 error You can get information on how to open an issue for this project with:
23 error     npm bugs vue-custom-plugin
23 error Or if that isn't available, you can get their info via:
23 error     npm owner ls vue-custom-plugin
23 error There is likely additional logging output above.
24 verbose exit [ 1, true ]
